#
# A fatal error has been detected by the Java Runtime Environment:
#
#  Internal Error (classFileParser.cpp:3494), pid=25277, tid=140078090495744
#  Error: ShouldNotReachHere()
#
# JRE version: 6.0_37-b06
# Java VM: Java HotSpot(TM) 64-Bit Server VM (20.12-b01 mixed mode linux-amd64 compressed oops)
# If you would like to submit a bug report, please visit:
#   http://java.sun.com/webapps/bugreport/crash.jsp
#

---------------  T H R E A D  ---------------

Current thread (0x00007f667400b800):  JavaThread "Unknown thread" [_thread_in_vm, id=25282, stack(0x00007f6678c32000,0x00007f6678d33000)]

Stack: [0x00007f6678c32000,0x00007f6678d33000],  sp=0x00007f6678d31150,  free space=1020k
Native frames: (J=compiled Java code, j=interpreted, Vv=VM code, C=native code)
V  [libjvm.so+0x861275]  VMError::report_and_die()+0x265
V  [libjvm.so+0x3e5736]  report_should_not_reach_here(char const*, int)+0x46
V  [libjvm.so+0x36eacb]  ClassFileParser::parseClassFile(symbolHandle, Handle, Handle, KlassHandle, GrowableArray<Handle>*, symbolHandle&, bool, Thread*)+0x2b8b
V  [libjvm.so+0x374f5f]  ClassLoader::load_classfile(symbolHandle, Thread*)+0x22f
V  [libjvm.so+0x7ee06f]  SystemDictionary::load_instance_class(symbolHandle, Handle, Thread*)+0xef
V  [libjvm.so+0x7ec055]  SystemDictionary::resolve_instance_class_or_null(symbolHandle, Handle, Handle, Thread*)+0x575
V  [libjvm.so+0x7eade1]  SystemDictionary::resolve_or_null(symbolHandle, Handle, Handle, Thread*)+0x81
V  [libjvm.so+0x7ea9f4]  SystemDictionary::resolve_or_fail(symbolHandle, Handle, Handle, bool, Thread*)+0x34
V  [libjvm.so+0x7ef870]  SystemDictionary::initialize_wk_klass(SystemDictionary::WKID, int, Thread*)+0x70
V  [libjvm.so+0x7ef905]  SystemDictionary::initialize_wk_klasses_until(SystemDictionary::WKID, SystemDictionary::WKID&, Thread*)+0x45
V  [libjvm.so+0x7ef9e5]  SystemDictionary::initialize_preloaded_classes(Thread*)+0x75
V  [libjvm.so+0x7ef798]  SystemDictionary::initialize(Thread*)+0xd8
V  [libjvm.so+0x837168]  Universe::genesis(Thread*)+0x598
V  [libjvm.so+0x839099]  universe2_init()+0x29
V  [libjvm.so+0x4adc8c]  init_globals()+0x8c
V  [libjvm.so+0x81f484]  Threads::create_vm(JavaVMInitArgs*, bool*)+0x214
V  [libjvm.so+0x51c060]  JNI_CreateJavaVM+0x80


---------------  P R O C E S S  ---------------

Java Threads: ( => current thread )

Other Threads:

=>0x00007f667400b800 (exited) JavaThread "Unknown thread" [_thread_in_vm, id=25282, stack(0x00007f6678c32000,0x00007f6678d33000)]

VM state:not at safepoint (not fully initialized)

VM Mutex/Monitor currently owned by a thread: None

Dynamic libraries:
40000000-40009000 r-xp 00000000 08:01 2767323                            /usr/java/jdk1.6.0_37/bin/java
40108000-4010a000 rwxp 00008000 08:01 2767323                            /usr/java/jdk1.6.0_37/bin/java
405a5000-405c6000 rwxp 00000000 00:00 0                                  [heap]
77ec00000-7800c0000 rwxp 00000000 00:00 0 
7800c0000-783e00000 rwxp 00000000 00:00 0 
783e00000-7890c0000 rwxp 00000000 00:00 0 
7890c0000-7d6a00000 rwxp 00000000 00:00 0 
7d6a00000-7d9360000 rwxp 00000000 00:00 0 
7d9360000-800000000 rwxp 00000000 00:00 0 
7f6648000000-7f6648021000 rwxp 00000000 00:00 0 
7f6648021000-7f664c000000 ---p 00000000 00:00 0 
7f6650000000-7f6650021000 rwxp 00000000 00:00 0 
7f6650021000-7f6654000000 ---p 00000000 00:00 0 
7f6654000000-7f6654021000 rwxp 00000000 00:00 0 
7f6654021000-7f6658000000 ---p 00000000 00:00 0 
7f6658000000-7f6658021000 rwxp 00000000 00:00 0 
7f6658021000-7f665c000000 ---p 00000000 00:00 0 
7f665c000000-7f665c021000 rwxp 00000000 00:00 0 
7f665c021000-7f6660000000 ---p 00000000 00:00 0 
7f6660000000-7f6660021000 rwxp 00000000 00:00 0 
7f6660021000-7f6664000000 ---p 00000000 00:00 0 
7f6664000000-7f6664021000 rwxp 00000000 00:00 0 
7f6664021000-7f6668000000 ---p 00000000 00:00 0 
7f6668000000-7f6668021000 rwxp 00000000 00:00 0 
7f6668021000-7f666c000000 ---p 00000000 00:00 0 
7f666ef2b000-7f666eff1000 r-xs 0116f000 08:06 2754944                    /home/likewise-open/GRUPO-BUSCAPE/vinicius.saraiva/adt-bundle-linux-x86_64-20130514/sdk/platforms/android-17/android.jar
7f666eff1000-7f666eff2000 ---p 00000000 00:00 0 
7f666eff2000-7f666f0f2000 rwxp 00000000 00:00 0 
7f666f0f2000-7f666f0f3000 ---p 00000000 00:00 0 
7f666f0f3000-7f666f1f3000 rwxp 00000000 00:00 0 
7f666f1f3000-7f666f1f4000 ---p 00000000 00:00 0 
7f666f1f4000-7f666f2f4000 rwxp 00000000 00:00 0 
7f666f2f4000-7f666f2f5000 ---p 00000000 00:00 0 
7f666f2f5000-7f666f3f5000 rwxp 00000000 00:00 0 
7f666f3f5000-7f666f3f6000 ---p 00000000 00:00 0 
7f666f3f6000-7f666f4f6000 rwxp 00000000 00:00 0 
7f666f4f6000-7f666f4f7000 ---p 00000000 00:00 0 
7f666f4f7000-7f666f5f7000 rwxp 00000000 00:00 0 
7f666f5f7000-7f666f5f8000 ---p 00000000 00:00 0 
7f666f5f8000-7f666f6f8000 rwxp 00000000 00:00 0 
7f666f6f8000-7f666f6f9000 ---p 00000000 00:00 0 
7f666f6f9000-7f666f823000 rwxp 00000000 00:00 0 
7f666f823000-7f666fa8f000 rwxp 00000000 00:00 0 
7f666fa8f000-7f666fa9a000 rwxp 00000000 00:00 0 
7f666fa9a000-7f666fab8000 rwxp 00000000 00:00 0 
7f666fab8000-7f666fae2000 rwxp 00000000 00:00 0 
7f666fae2000-7f666fd4e000 rwxp 00000000 00:00 0 
7f666fd4e000-7f666fd63000 rwxp 00000000 00:00 0 
7f666fd63000-7f666fe99000 rwxp 00000000 00:00 0 
7f666fe99000-7f667010a000 rwxp 00000000 00:00 0 
7f667010a000-7f6672e9a000 rwxp 00000000 00:00 0 
7f6672e9a000-7f6672f20000 r-xp 00000000 08:01 2759618                    /usr/lib/likewise-open/liblwbase_nothr.so.0.0.0
7f6672f20000-7f667311f000 ---p 00086000 08:01 2759618                    /usr/lib/likewise-open/liblwbase_nothr.so.0.0.0
7f667311f000-7f6673124000 r-xp 00085000 08:01 2759618                    /usr/lib/likewise-open/liblwbase_nothr.so.0.0.0
7f6673124000-7f667314c000 rwxp 0008a000 08:01 2759618                    /usr/lib/likewise-open/liblwbase_nothr.so.0.0.0
7f667314c000-7f667314d000 rwxp 00000000 00:00 0 
7f667314d000-7f6673174000 r-xp 00000000 08:01 2759472                    /usr/lib/likewise-open/liblsacommon.so.0.0.0
7f6673174000-7f6673374000 ---p 00027000 08:01 2759472                    /usr/lib/likewise-open/liblsacommon.so.0.0.0
7f6673374000-7f6673380000 r-xp 00027000 08:01 2759472                    /usr/lib/likewise-open/liblsacommon.so.0.0.0
7f6673380000-7f6673381000 rwxp 00033000 08:01 2759472                    /usr/lib/likewise-open/liblsacommon.so.0.0.0
7f6673381000-7f66733a5000 r-xp 00000000 08:01 2759457                    /usr/lib/likewise-open/liblwadvapi_nothr.so.0.0.0
7f66733a5000-7f66735a5000 ---p 00024000 08:01 2759457                    /usr/lib/likewise-open/liblwadvapi_nothr.so.0.0.0
7f66735a5000-7f66735a6000 r-xp 00024000 08:01 2759457                    /usr/lib/likewise-open/liblwadvapi_nothr.so.0.0.0
7f66735a6000-7f66735ae000 rwxp 00025000 08:01 2759457                    /usr/lib/likewise-open/liblwadvapi_nothr.so.0.0.0
7f66735ae000-7f66735cb000 r-xp 00000000 08:01 2759507                    /usr/lib/likewise-open/liblwmsg_nothr.so.0.0.0
7f66735cb000-7f66737cb000 ---p 0001d000 08:01 2759507                    /usr/lib/likewise-open/liblwmsg_nothr.so.0.0.0
7f66737cb000-7f66737cd000 r-xp 0001d000 08:01 2759507                    /usr/lib/likewise-open/liblwmsg_nothr.so.0.0.0
7f66737cd000-7f66737ce000 rwxp 0001f000 08:01 2759507                    /usr/lib/likewise-open/liblwmsg_nothr.so.0.0.0
7f66737ce000-7f66737d1000 r-xp 00000000 08:01 2759567                    /usr/lib/likewise-open/liblsaauth.so.0.0.0
7f66737d1000-7f66739d0000 ---p 00003000 08:01 2759567                    /usr/lib/likewise-open/liblsaauth.so.0.0.0
7f66739d0000-7f66739d1000 r-xp 00002000 08:01 2759567                    /usr/lib/likewise-open/liblsaauth.so.0.0.0
7f66739d1000-7f66739d2000 rwxp 00003000 08:01 2759567                    /usr/lib/likewise-open/liblsaauth.so.0.0.0
7f66739d2000-7f66739ec000 r-xp 00000000 08:01 2759480                    /usr/lib/likewise-open/liblsaclient.so.0.0.0
7f66739ec000-7f6673beb000 ---p 0001a000 08:01 2759480                    /usr/lib/likewise-open/liblsaclient.so.0.0.0
7f6673beb000-7f6673bec000 r-xp 00019000 08:01 2759480                    /usr/lib/likewise-open/liblsaclient.so.0.0.0
7f6673bec000-7f6673bed000 rwxp 0001a000 08:01 2759480                    /usr/lib/likewise-open/liblsaclient.so.0.0.0
7f6673bed000-7f6673bf2000 r-xp 00000000 08:01 3022966                    /lib/libnss_lsass.so.2
7f6673bf2000-7f6673df1000 ---p 00005000 08:01 3022966                    /lib/libnss_lsass.so.2
7f6673df1000-7f6673df2000 r-xp 00004000 08:01 3022966                    /lib/libnss_lsass.so.2
7f6673df2000-7f6673df3000 rwxp 00005000 08:01 3022966                    /lib/libnss_lsass.so.2
7f6673df3000-7f6673dff000 r-xp 00000000 08:01 3021848                    /lib/x86_64-linux-gnu/libnss_files-2.15.so
7f6673dff000-7f6673ffe000 ---p 0000c000 08:01 3021848                    /lib/x86_64-linux-gnu/libnss_files-2.15.so
7f6673ffe000-7f6673fff000 r-xp 0000b000 08:01 3021848                    /lib/x86_64-linux-gnu/libnss_files-2.15.so
7f6673fff000-7f6674000000 rwxp 0000c000 08:01 3021848                    /lib/x86_64-linux-gnu/libnss_files-2.15.so
7f6674000000-7f667408c000 rwxp 00000000 00:00 0 
7f667408c000-7f6678000000 ---p 00000000 00:00 0 
7f6678058000-7f667808b000 rwxp 00000000 00:00 0 
7f667808b000-7f66780a9000 rwxp 00000000 00:00 0 
7f66780a9000-7f66780b7000 r-xp 00000000 08:01 2767975                    /usr/java/jdk1.6.0_37/jre/lib/amd64/libzip.so
7f66780b7000-7f66781b9000 ---p 0000e000 08:01 2767975                    /usr/java/jdk1.6.0_37/jre/lib/amd64/libzip.so
7f66781b9000-7f66781bc000 rwxp 00010000 08:01 2767975                    /usr/java/jdk1.6.0_37/jre/lib/amd64/libzip.so
7f66781bc000-7f66781bd000 rwxp 00000000 00:00 0 
7f66781bd000-7f66781c7000 r-xp 00000000 08:01 3021844                    /lib/x86_64-linux-gnu/libnss_nis-2.15.so
7f66781c7000-7f66783c7000 ---p 0000a000 08:01 3021844                    /lib/x86_64-linux-gnu/libnss_nis-2.15.so
7f66783c7000-7f66783c8000 r-xp 0000a000 08:01 3021844                    /lib/x86_64-linux-gnu/libnss_nis-2.15.so
7f66783c8000-7f66783c9000 rwxp 0000b000 08:01 3021844                    /lib/x86_64-linux-gnu/libnss_nis-2.15.so
7f66783c9000-7f66783d1000 r-xp 00000000 08:01 3021849                    /lib/x86_64-linux-gnu/libnss_compat-2.15.so
7f66783d1000-7f66785d0000 ---p 00008000 08:01 3021849                    /lib/x86_64-linux-gnu/libnss_compat-2.15.so
7f66785d0000-7f66785d1000 r-xp 00007000 08:01 3021849                    /lib/x86_64-linux-gnu/libnss_compat-2.15.so
7f66785d1000-7f66785d2000 rwxp 00008000 08:01 3021849                    /lib/x86_64-linux-gnu/libnss_compat-2.15.so
7f66785d2000-7f66785e9000 r-xp 00000000 08:01 3021857                    /lib/x86_64-linux-gnu/libnsl-2.15.so
7f66785e9000-7f66787e8000 ---p 00017000 08:01 3021857                    /lib/x86_64-linux-gnu/libnsl-2.15.so
7f66787e8000-7f66787e9000 r-xp 00016000 08:01 3021857                    /lib/x86_64-linux-gnu/libnsl-2.15.so
7f66787e9000-7f66787ea000 rwxp 00017000 08:01 3021857                    /lib/x86_64-linux-gnu/libnsl-2.15.so
7f66787ea000-7f66787ec000 rwxp 00000000 00:00 0 
7f66787ec000-7f6678815000 r-xp 00000000 08:01 2767988                    /usr/java/jdk1.6.0_37/jre/lib/amd64/libjava.so
7f6678815000-7f6678914000 ---p 00029000 08:01 2767988                    /usr/java/jdk1.6.0_37/jre/lib/amd64/libjava.so
7f6678914000-7f667891b000 rwxp 00028000 08:01 2767988                    /usr/java/jdk1.6.0_37/jre/lib/amd64/libjava.so
7f667891b000-7f6678928000 r-xp 00000000 08:01 2767970                    /usr/java/jdk1.6.0_37/jre/lib/amd64/libverify.so
7f6678928000-7f6678a27000 ---p 0000d000 08:01 2767970                    /usr/java/jdk1.6.0_37/jre/lib/amd64/libverify.so
7f6678a27000-7f6678a2a000 rwxp 0000c000 08:01 2767970                    /usr/java/jdk1.6.0_37/jre/lib/amd64/libverify.so
7f6678a2a000-7f6678a31000 r-xp 00000000 08:01 3021842                    /lib/x86_64-linux-gnu/librt-2.15.so
7f6678a31000-7f6678c30000 ---p 00007000 08:01 3021842                    /lib/x86_64-linux-gnu/librt-2.15.so
7f6678c30000-7f6678c31000 r-xp 00006000 08:01 3021842                    /lib/x86_64-linux-gnu/librt-2.15.so
7f6678c31000-7f6678c32000 rwxp 00007000 08:01 3021842                    /lib/x86_64-linux-gnu/librt-2.15.so
7f6678c32000-7f6678c35000 ---p 00000000 00:00 0 
7f6678c35000-7f6678d33000 rwxp 00000000 00:00 0 
7f6678d33000-7f6678e2e000 r-xp 00000000 08:01 3021846                    /lib/x86_64-linux-gnu/libm-2.15.so
7f6678e2e000-7f667902d000 ---p 000fb000 08:01 3021846                    /lib/x86_64-linux-gnu/libm-2.15.so
7f667902d000-7f667902e000 r-xp 000fa000 08:01 3021846                    /lib/x86_64-linux-gnu/libm-2.15.so
7f667902e000-7f667902f000 rwxp 000fb000 08:01 3021846                    /lib/x86_64-linux-gnu/libm-2.15.so
7f667902f000-7f667994c000 r-xp 00000000 08:01 2767995                    /usr/java/jdk1.6.0_37/jre/lib/amd64/server/libjvm.so
7f667994c000-7f6679a4b000 ---p 0091d000 08:01 2767995                    /usr/java/jdk1.6.0_37/jre/lib/amd64/server/libjvm.so
7f6679a4b000-7f6679c01000 rwxp 0091c000 08:01 2767995                    /usr/java/jdk1.6.0_37/jre/lib/amd64/server/libjvm.so
7f6679c01000-7f6679c3b000 rwxp 00000000 00:00 0 
7f6679c3b000-7f6679df0000 r-xp 00000000 08:01 3021838                    /lib/x86_64-linux-gnu/libc-2.15.so
7f6679df0000-7f6679fef000 ---p 001b5000 08:01 3021838                    /lib/x86_64-linux-gnu/libc-2.15.so
7f6679fef000-7f6679ff3000 r-xp 001b4000 08:01 3021838                    /lib/x86_64-linux-gnu/libc-2.15.so
7f6679ff3000-7f6679ff5000 rwxp 001b8000 08:01 3021838                    /lib/x86_64-linux-gnu/libc-2.15.so
7f6679ff5000-7f6679ffa000 rwxp 00000000 00:00 0 
7f6679ffa000-7f6679ffc000 r-xp 00000000 08:01 3021837                    /lib/x86_64-linux-gnu/libdl-2.15.so
7f6679ffc000-7f667a1fc000 ---p 00002000 08:01 3021837                    /lib/x86_64-linux-gnu/libdl-2.15.so
7f667a1fc000-7f667a1fd000 r-xp 00002000 08:01 3021837                    /lib/x86_64-linux-gnu/libdl-2.15.so
7f667a1fd000-7f667a1fe000 rwxp 00003000 08:01 3021837                    /lib/x86_64-linux-gnu/libdl-2.15.so
7f667a1fe000-7f667a216000 r-xp 00000000 08:01 3021840                    /lib/x86_64-linux-gnu/libpthread-2.15.so
7f667a216000-7f667a415000 ---p 00018000 08:01 3021840                    /lib/x86_64-linux-gnu/libpthread-2.15.so
7f667a415000-7f667a416000 r-xp 00017000 08:01 3021840                    /lib/x86_64-linux-gnu/libpthread-2.15.so
7f667a416000-7f667a417000 rwxp 00018000 08:01 3021840                    /lib/x86_64-linux-gnu/libpthread-2.15.so
7f667a417000-7f667a41b000 rwxp 00000000 00:00 0 
7f667a41b000-7f667a43d000 r-xp 00000000 08:01 3021852                    /lib/x86_64-linux-gnu/ld-2.15.so
7f667a451000-7f667a45b000 rwxp 00000000 00:00 0 
7f667a45b000-7f667a511000 rwxp 00000000 00:00 0 
7f667a511000-7f667a514000 rwxp 00000000 00:00 0 
7f667a514000-7f667a51b000 r-xp 00000000 08:01 2767960                    /usr/java/jdk1.6.0_37/jre/lib/amd64/jli/libjli.so
7f667a51b000-7f667a61c000 ---p 00007000 08:01 2767960                    /usr/java/jdk1.6.0_37/jre/lib/amd64/jli/libjli.so
7f667a61c000-7f667a61e000 rwxp 00008000 08:01 2767960                    /usr/java/jdk1.6.0_37/jre/lib/amd64/jli/libjli.so
7f667a61e000-7f667a61f000 rwxp 00000000 00:00 0 
7f667a631000-7f667a639000 rwxs 00000000 08:01 1835148                    /tmp/hsperfdata_vinicius.saraiva/25277
7f667a639000-7f667a63a000 rwxp 00000000 00:00 0 
7f667a63a000-7f667a63b000 r-xp 00000000 00:00 0 
7f667a63b000-7f667a63d000 rwxp 00000000 00:00 0 
7f667a63d000-7f667a63e000 r-xp 00022000 08:01 3021852                    /lib/x86_64-linux-gnu/ld-2.15.so
7f667a63e000-7f667a640000 rwxp 00023000 08:01 3021852                    /lib/x86_64-linux-gnu/ld-2.15.so
7fff5a038000-7fff5a059000 rwxp 00000000 00:00 0                          [stack]
7fff5a11a000-7fff5a11b000 r-xp 00000000 00:00 0                          [vdso]
ffffffffff600000-ffffffffff601000 r-xp 00000000 00:00 0                  [vsyscall]

VM Arguments:
jvm_args: -Dfile.encoding=UTF-8 -Xbootclasspath:/home/likewise-open/GRUPO-BUSCAPE/vinicius.saraiva/adt-bundle-linux-x86_64-20130514/sdk/platforms/android-17/android.jar 
java_command: com.example.stardapio.test.TestRestaurantRESTGetListaItem
Launcher Type: SUN_STANDARD

Environment Variables:
PATH=/usr/lib/lightdm/lightdm:/usr/local/sbin:/usr/local/bin:/usr/sbin:/usr/bin:/sbin:/bin:/usr/games
LD_LIBRARY_PATH=/usr/java/jdk1.6.0_37/jre/lib/amd64/server:/usr/java/jdk1.6.0_37/jre/lib/amd64:/usr/java/jdk1.6.0_37/jre/../lib/amd64:/usr/lib/jvm/java-6-openjdk-amd64/jre/lib/amd64/server:/usr/lib/jvm/java-6-openjdk-amd64/jre/lib/amd64:/usr/lib/jvm/java-6-openjdk-amd64/jre/../lib/amd64
SHELL=/bin/bash
DISPLAY=:0.0

Signal Handlers:
SIGSEGV: [libjvm.so+0x861ea0], sa_mask[0]=0x7ffbfeff, sa_flags=0x10000004
SIGBUS: [libjvm.so+0x861ea0], sa_mask[0]=0x7ffbfeff, sa_flags=0x10000004
SIGFPE: [libjvm.so+0x70fc60], sa_mask[0]=0x7ffbfeff, sa_flags=0x10000004
SIGPIPE: [libjvm.so+0x70fc60], sa_mask[0]=0x7ffbfeff, sa_flags=0x10000004
SIGXFSZ: [libjvm.so+0x70fc60], sa_mask[0]=0x7ffbfeff, sa_flags=0x10000004
SIGILL: [libjvm.so+0x70fc60], sa_mask[0]=0x7ffbfeff, sa_flags=0x10000004
SIGUSR1: SIG_DFL, sa_mask[0]=0x00000000, sa_flags=0x00000000
SIGUSR2: [libjvm.so+0x712a90], sa_mask[0]=0x00000004, sa_flags=0x10000004
SIGHUP: SIG_DFL, sa_mask[0]=0x00000000, sa_flags=0x00000000
SIGINT: SIG_DFL, sa_mask[0]=0x00000000, sa_flags=0x00000000
SIGTERM: SIG_DFL, sa_mask[0]=0x00000000, sa_flags=0x00000000
SIGQUIT: SIG_DFL, sa_mask[0]=0x00000000, sa_flags=0x00000000


---------------  S Y S T E M  ---------------

OS:wheezy/sid

uname:Linux 3.2.0-41-generic #66-Ubuntu SMP Thu Apr 25 03:27:11 UTC 2013 x86_64
libc:glibc 2.15 NPTL 2.15 
rlimit: STACK 8192k, CORE 0k, NPROC 63353, NOFILE 4096, AS infinity
load average:0.48 0.49 0.46

/proc/meminfo:
MemTotal:        8133500 kB
MemFree:          253148 kB
Buffers:           95784 kB
Cached:           936788 kB
SwapCached:       355740 kB
Active:          4788168 kB
Inactive:        1451216 kB
Active(anon):    4262152 kB
Inactive(anon):   985940 kB
Active(file):     526016 kB
Inactive(file):   465276 kB
Unevictable:           0 kB
Mlocked:               0 kB
SwapTotal:      19691960 kB
SwapFree:       17575092 kB
Dirty:               476 kB
Writeback:             0 kB
AnonPages:       4943788 kB
Mapped:           209352 kB
Shmem:             41336 kB
Slab:             177340 kB
SReclaimable:     121188 kB
SUnreclaim:        56152 kB
KernelStack:        7408 kB
PageTables:        75276 kB
NFS_Unstable:          0 kB
Bounce:                0 kB
WritebackTmp:          0 kB
CommitLimit:    23758708 kB
Committed_AS:   12913128 kB
VmallocTotal:   34359738367 kB
VmallocUsed:      125208 kB
VmallocChunk:   34359603988 kB
HardwareCorrupted:     0 kB
AnonHugePages:         0 kB
HugePages_Total:       0
HugePages_Free:        0
HugePages_Rsvd:        0
HugePages_Surp:        0
Hugepagesize:       2048 kB
DirectMap4k:     6643712 kB
DirectMap2M:     1703936 kB


CPU:total 8 (4 cores per cpu, 2 threads per core) family 6 model 42 stepping 7, cmov, cx8, fxsr, mmx, sse, sse2, sse3, ssse3, sse4.1, sse4.2, popcnt, ht

/proc/cpuinfo:
processor	: 0
vendor_id	: GenuineIntel
cpu family	: 6
model		: 42
model name	: Intel(R) Core(TM) i7-2600 CPU @ 3.40GHz
stepping	: 7
microcode	: 0x14
cpu MHz		: 3401.000
cache size	: 8192 KB
physical id	: 0
siblings	: 8
core id		: 0
cpu cores	: 4
apicid		: 0
initial apicid	: 0
fpu		: yes
fpu_exception	: yes
cpuid level	: 13
wp		: yes
flags		: fpu vme de pse tsc msr pae mce cx8 apic sep mtrr pge mca cmov pat pse36 clflush dts acpi mmx fxsr sse sse2 ss ht tm pbe syscall nx rdtscp lm constant_tsc arch_perfmon pebs bts rep_good nopl xtopology nonstop_tsc aperfmperf pni pclmulqdq dtes64 monitor ds_cpl vmx smx est tm2 ssse3 cx16 xtpr pdcm pcid sse4_1 sse4_2 x2apic popcnt tsc_deadline_timer aes xsave avx lahf_lm ida arat epb xsaveopt pln pts dtherm tpr_shadow vnmi flexpriority ept vpid
bogomips	: 6784.54
clflush size	: 64
cache_alignment	: 64
address sizes	: 36 bits physical, 48 bits virtual
power management:

processor	: 1
vendor_id	: GenuineIntel
cpu family	: 6
model		: 42
model name	: Intel(R) Core(TM) i7-2600 CPU @ 3.40GHz
stepping	: 7
microcode	: 0x14
cpu MHz		: 3401.000
cache size	: 8192 KB
physical id	: 0
siblings	: 8
core id		: 1
cpu cores	: 4
apicid		: 2
initial apicid	: 2
fpu		: yes
fpu_exception	: yes
cpuid level	: 13
wp		: yes
flags		: fpu vme de pse tsc msr pae mce cx8 apic sep mtrr pge mca cmov pat pse36 clflush dts acpi mmx fxsr sse sse2 ss ht tm pbe syscall nx rdtscp lm constant_tsc arch_perfmon pebs bts rep_good nopl xtopology nonstop_tsc aperfmperf pni pclmulqdq dtes64 monitor ds_cpl vmx smx est tm2 ssse3 cx16 xtpr pdcm pcid sse4_1 sse4_2 x2apic popcnt tsc_deadline_timer aes xsave avx lahf_lm ida arat epb xsaveopt pln pts dtherm tpr_shadow vnmi flexpriority ept vpid
bogomips	: 6784.53
clflush size	: 64
cache_alignment	: 64
address sizes	: 36 bits physical, 48 bits virtual
power management:

processor	: 2
vendor_id	: GenuineIntel
cpu family	: 6
model		: 42
model name	: Intel(R) Core(TM) i7-2600 CPU @ 3.40GHz
stepping	: 7
microcode	: 0x14
cpu MHz		: 3401.000
cache size	: 8192 KB
physical id	: 0
siblings	: 8
core id		: 2
cpu cores	: 4
apicid		: 4
initial apicid	: 4
fpu		: yes
fpu_exception	: yes
cpuid level	: 13
wp		: yes
flags		: fpu vme de pse tsc msr pae mce cx8 apic sep mtrr pge mca cmov pat pse36 clflush dts acpi mmx fxsr sse sse2 ss ht tm pbe syscall nx rdtscp lm constant_tsc arch_perfmon pebs bts rep_good nopl xtopology nonstop_tsc aperfmperf pni pclmulqdq dtes64 monitor ds_cpl vmx smx est tm2 ssse3 cx16 xtpr pdcm pcid sse4_1 sse4_2 x2apic popcnt tsc_deadline_timer aes xsave avx lahf_lm ida arat epb xsaveopt pln pts dtherm tpr_shadow vnmi flexpriority ept vpid
bogomips	: 6784.53
clflush size	: 64
cache_alignment	: 64
address sizes	: 36 bits physical, 48 bits virtual
power management:

processor	: 3
vendor_id	: GenuineIntel
cpu family	: 6
model		: 42
model name	: Intel(R) Core(TM) i7-2600 CPU @ 3.40GHz
stepping	: 7
microcode	: 0x14
cpu MHz		: 1600.000
cache size	: 8192 KB
physical id	: 0
siblings	: 8
core id		: 3
cpu cores	: 4
apicid		: 6
initial apicid	: 6
fpu		: yes
fpu_exception	: yes
cpuid level	: 13
wp		: yes
flags		: fpu vme de pse tsc msr pae mce cx8 apic sep mtrr pge mca cmov pat pse36 clflush dts acpi mmx fxsr sse sse2 ss ht tm pbe syscall nx rdtscp lm constant_tsc arch_perfmon pebs bts rep_good nopl xtopology nonstop_tsc aperfmperf pni pclmulqdq dtes64 monitor ds_cpl vmx smx est tm2 ssse3 cx16 xtpr pdcm pcid sse4_1 sse4_2 x2apic popcnt tsc_deadline_timer aes xsave avx lahf_lm ida arat epb xsaveopt pln pts dtherm tpr_shadow vnmi flexpriority ept vpid
bogomips	: 6784.54
clflush size	: 64
cache_alignment	: 64
address sizes	: 36 bits physical, 48 bits virtual
power management:

processor	: 4
vendor_id	: GenuineIntel
cpu family	: 6
model		: 42
model name	: Intel(R) Core(TM) i7-2600 CPU @ 3.40GHz
stepping	: 7
microcode	: 0x14
cpu MHz		: 1600.000
cache size	: 8192 KB
physical id	: 0
siblings	: 8
core id		: 0
cpu cores	: 4
apicid		: 1
initial apicid	: 1
fpu		: yes
fpu_exception	: yes
cpuid level	: 13
wp		: yes
flags		: fpu vme de pse tsc msr pae mce cx8 apic sep mtrr pge mca cmov pat pse36 clflush dts acpi mmx fxsr sse sse2 ss ht tm pbe syscall nx rdtscp lm constant_tsc arch_perfmon pebs bts rep_good nopl xtopology nonstop_tsc aperfmperf pni pclmulqdq dtes64 monitor ds_cpl vmx smx est tm2 ssse3 cx16 xtpr pdcm pcid sse4_1 sse4_2 x2apic popcnt tsc_deadline_timer aes xsave avx lahf_lm ida arat epb xsaveopt pln pts dtherm tpr_shadow vnmi flexpriority ept vpid
bogomips	: 6784.53
clflush size	: 64
cache_alignment	: 64
address sizes	: 36 bits physical, 48 bits virtual
power management:

processor	: 5
vendor_id	: GenuineIntel
cpu family	: 6
model		: 42
model name	: Intel(R) Core(TM) i7-2600 CPU @ 3.40GHz
stepping	: 7
microcode	: 0x14
cpu MHz		: 1600.000
cache size	: 8192 KB
physical id	: 0
siblings	: 8
core id		: 1
cpu cores	: 4
apicid		: 3
initial apicid	: 3
fpu		: yes
fpu_exception	: yes
cpuid level	: 13
wp		: yes
flags		: fpu vme de pse tsc msr pae mce cx8 apic sep mtrr pge mca cmov pat pse36 clflush dts acpi mmx fxsr sse sse2 ss ht tm pbe syscall nx rdtscp lm constant_tsc arch_perfmon pebs bts rep_good nopl xtopology nonstop_tsc aperfmperf pni pclmulqdq dtes64 monitor ds_cpl vmx smx est tm2 ssse3 cx16 xtpr pdcm pcid sse4_1 sse4_2 x2apic popcnt tsc_deadline_timer aes xsave avx lahf_lm ida arat epb xsaveopt pln pts dtherm tpr_shadow vnmi flexpriority ept vpid
bogomips	: 6784.54
clflush size	: 64
cache_alignment	: 64
address sizes	: 36 bits physical, 48 bits virtual
power management:

processor	: 6
vendor_id	: GenuineIntel
cpu family	: 6
model		: 42
model name	: Intel(R) Core(TM) i7-2600 CPU @ 3.40GHz
stepping	: 7
microcode	: 0x14
cpu MHz		: 1600.000
cache size	: 8192 KB
physical id	: 0
siblings	: 8
core id		: 2
cpu cores	: 4
apicid		: 5
initial apicid	: 5
fpu		: yes
fpu_exception	: yes
cpuid level	: 13
wp		: yes
flags		: fpu vme de pse tsc msr pae mce cx8 apic sep mtrr pge mca cmov pat pse36 clflush dts acpi mmx fxsr sse sse2 ss ht tm pbe syscall nx rdtscp lm constant_tsc arch_perfmon pebs bts rep_good nopl xtopology nonstop_tsc aperfmperf pni pclmulqdq dtes64 monitor ds_cpl vmx smx est tm2 ssse3 cx16 xtpr pdcm pcid sse4_1 sse4_2 x2apic popcnt tsc_deadline_timer aes xsave avx lahf_lm ida arat epb xsaveopt pln pts dtherm tpr_shadow vnmi flexpriority ept vpid
bogomips	: 6784.54
clflush size	: 64
cache_alignment	: 64
address sizes	: 36 bits physical, 48 bits virtual
power management:

processor	: 7
vendor_id	: GenuineIntel
cpu family	: 6
model		: 42
model name	: Intel(R) Core(TM) i7-2600 CPU @ 3.40GHz
stepping	: 7
microcode	: 0x14
cpu MHz		: 1600.000
cache size	: 8192 KB
physical id	: 0
siblings	: 8
core id		: 3
cpu cores	: 4
apicid		: 7
initial apicid	: 7
fpu		: yes
fpu_exception	: yes
cpuid level	: 13
wp		: yes
flags		: fpu vme de pse tsc msr pae mce cx8 apic sep mtrr pge mca cmov pat pse36 clflush dts acpi mmx fxsr sse sse2 ss ht tm pbe syscall nx rdtscp lm constant_tsc arch_perfmon pebs bts rep_good nopl xtopology nonstop_tsc aperfmperf pni pclmulqdq dtes64 monitor ds_cpl vmx smx est tm2 ssse3 cx16 xtpr pdcm pcid sse4_1 sse4_2 x2apic popcnt tsc_deadline_timer aes xsave avx lahf_lm ida arat epb xsaveopt pln pts dtherm tpr_shadow vnmi flexpriority ept vpid
bogomips	: 6784.54
clflush size	: 64
cache_alignment	: 64
address sizes	: 36 bits physical, 48 bits virtual
power management:



Memory: 4k page, physical 8133500k(253148k free), swap 19691960k(17575092k free)

vm_info: Java HotSpot(TM) 64-Bit Server VM (20.12-b01) for linux-amd64 JRE (1.6.0_37-b06), built on Sep 24 2012 11:47:45 by "java_re" with gcc 3.2.2 (SuSE Linux)

time: Wed May 29 16:22:14 2013
elapsed time: 0 seconds

